
  .   ____          _            __ _ _
 /\\ / ___'_ __ _ _(_)_ __  __ _ \ \ \ \
( ( )\___ | '_ | '_| | '_ \/ _` | \ \ \ \
 \\/  ___)| |_)| | | | | || (_| |  ) ) ) )
  '  |____| .__|_| |_|_| |_\__, | / / / /
 =========|_|==============|___/=/_/_/_/
 :: Spring Boot ::                (v3.2.5)

2026-02-22T12:47:05.142-03:00  INFO 25092 --- [attendance-backend] [           main] c.s.attendance.AttendanceApplication     : Starting AttendanceApplication v0.0.1-SNAPSHOT using Java 23 with PID 25092 (G:\Mochila\Antigravity\attendance-system\backend\target\attendance-backend-0.0.1-SNAPSHOT.jar started by gusta in G:\Mochila\Antigravity\attendance-system\backend)
2026-02-22T12:47:05.145-03:00  INFO 25092 --- [attendance-backend] [           main] c.s.attendance.AttendanceApplication     : No active profile set, falling back to 1 default profile: "default"
2026-02-22T12:47:07.237-03:00  INFO 25092 --- [attendance-backend] [           main] .s.d.r.c.RepositoryConfigurationDelegate : Bootstrapping Spring Data JPA repositories in DEFAULT mode.
2026-02-22T12:47:07.337-03:00  INFO 25092 --- [attendance-backend] [           main] .s.d.r.c.RepositoryConfigurationDelegate : Finished Spring Data repository scanning in 82 ms. Found 2 JPA repository interfaces.
2026-02-22T12:47:08.724-03:00  INFO 25092 --- [attendance-backend] [           main] o.s.b.w.embedded.tomcat.TomcatWebServer  : Tomcat initialized with port 8080 (http)
2026-02-22T12:47:08.746-03:00  INFO 25092 --- [attendance-backend] [           main] o.apache.catalina.core.StandardService   : Starting service [Tomcat]
2026-02-22T12:47:08.746-03:00  INFO 25092 --- [attendance-backend] [           main] o.apache.catalina.core.StandardEngine    : Starting Servlet engine: [Apache Tomcat/10.1.20]
2026-02-22T12:47:08.828-03:00  INFO 25092 --- [attendance-backend] [           main] o.a.c.c.C.[Tomcat].[localhost].[/]       : Initializing Spring embedded WebApplicationContext
2026-02-22T12:47:08.829-03:00  INFO 25092 --- [attendance-backend] [           main] w.s.c.ServletWebServerApplicationContext : Root WebApplicationContext: initialization completed in 3373 ms
2026-02-22T12:47:08.914-03:00  INFO 25092 --- [attendance-backend] [           main] com.zaxxer.hikari.HikariDataSource       : HikariPool-1 - Starting...
2026-02-22T12:47:09.322-03:00  INFO 25092 --- [attendance-backend] [           main] com.zaxxer.hikari.pool.HikariPool        : HikariPool-1 - Added connection conn0: url=jdbc:h2:file:./attendance_db user=SA
2026-02-22T12:47:09.324-03:00  INFO 25092 --- [attendance-backend] [           main] com.zaxxer.hikari.HikariDataSource       : HikariPool-1 - Start completed.
2026-02-22T12:47:09.335-03:00  INFO 25092 --- [attendance-backend] [           main] o.s.b.a.h2.H2ConsoleAutoConfiguration    : H2 console available at '/h2-console'. Database available at 'jdbc:h2:file:./attendance_db'
2026-02-22T12:47:09.364-03:00 ERROR 25092 --- [attendance-backend] [           main] o.s.b.web.embedded.tomcat.TomcatStarter  : Error starting Tomcat context. Exception: org.springframework.beans.factory.UnsatisfiedDependencyException. Message: Error creating bean with name 'jwtAuthenticationFilter' defined in URL [jar:nested:/G:/Mochila/Antigravity/attendance-system/backend/target/attendance-backend-0.0.1-SNAPSHOT.jar/!BOOT-INF/classes/!/com/school/attendance/security/JwtAuthenticationFilter.class]: Unsatisfied dependency expressed through constructor parameter 1: Error creating bean with name 'securityConfig' defined in URL [jar:nested:/G:/Mochila/Antigravity/attendance-system/backend/target/attendance-backend-0.0.1-SNAPSHOT.jar/!BOOT-INF/classes/!/com/school/attendance/config/SecurityConfig.class]: Unsatisfied dependency expressed through constructor parameter 0: Error creating bean with name 'jwtAuthenticationFilter': Requested bean is currently in creation: Is there an unresolvable circular reference?
2026-02-22T12:47:09.428-03:00  INFO 25092 --- [attendance-backend] [           main] o.apache.catalina.core.StandardService   : Stopping service [Tomcat]
2026-02-22T12:47:09.435-03:00  WARN 25092 --- [attendance-backend] [           main] ConfigServletWebServerApplicationContext : Exception encountered during context initialization - cancelling refresh attempt: org.springframework.context.ApplicationContextException: Unable to start web server
2026-02-22T12:47:09.437-03:00  INFO 25092 --- [attendance-backend] [           main] com.zaxxer.hikari.HikariDataSource       : HikariPool-1 - Shutdown initiated...
2026-02-22T12:47:09.478-03:00  INFO 25092 --- [attendance-backend] [           main] com.zaxxer.hikari.HikariDataSource       : HikariPool-1 - Shutdown completed.
2026-02-22T12:47:09.500-03:00  INFO 25092 --- [attendance-backend] [           main] .s.b.a.l.ConditionEvaluationReportLogger : 

Error starting ApplicationContext. To display the condition evaluation report re-run your application with 'debug' enabled.
2026-02-22T12:47:09.559-03:00 ERROR 25092 --- [attendance-backend] [           main] o.s.b.d.LoggingFailureAnalysisReporter   : 

***************************
APPLICATION FAILED TO START
***************************

Description:

The dependencies of some of the beans in the application context form a cycle:

ÔöîÔöÇÔöÇÔöÇÔöÇÔöÇÔöÉ
|  jwtAuthenticationFilter defined in URL [jar:nested:/G:/Mochila/Antigravity/attendance-system/backend/target/attendance-backend-0.0.1-SNAPSHOT.jar/!BOOT-INF/classes/!/com/school/attendance/security/JwtAuthenticationFilter.class]
Ôåæ     Ôåô
|  securityConfig defined in URL [jar:nested:/G:/Mochila/Antigravity/attendance-system/backend/target/attendance-backend-0.0.1-SNAPSHOT.jar/!BOOT-INF/classes/!/com/school/attendance/config/SecurityConfig.class]
ÔööÔöÇÔöÇÔöÇÔöÇÔöÇÔöÿ


Action:

Relying upon circular references is discouraged and they are prohibited by default. Update your application to remove the dependency cycle between beans. As a last resort, it may be possible to break the cycle automatically by setting spring.main.allow-circular-references to true.

