[INFO] Scanning for projects...
[INFO] 
[INFO] -------------------< com.school:attendance-backend >--------------------
[INFO] Building attendance-backend 0.0.1-SNAPSHOT
[INFO]   from pom.xml
[INFO] --------------------------------[ jar ]---------------------------------
[INFO] 
[INFO] >>> spring-boot:3.4.1:run (default-cli) > test-compile @ attendance-backend >>>
[INFO] 
[INFO] --- resources:3.3.1:resources (default-resources) @ attendance-backend ---
[INFO] Copying 1 resource from src\main\resources to target\classes
[INFO] Copying 2 resources from src\main\resources to target\classes
[INFO] 
[INFO] --- compiler:3.13.0:compile (default-compile) @ attendance-backend ---
[INFO] Nothing to compile - all classes are up to date.
[INFO] 
[INFO] --- resources:3.3.1:testResources (default-testResources) @ attendance-backend ---
[INFO] skip non existing resourceDirectory F:\Mochila\Antigravity\attendance-system\backend\src\test\resources
[INFO] 
[INFO] --- compiler:3.13.0:testCompile (default-testCompile) @ attendance-backend ---
[INFO] Nothing to compile - all classes are up to date.
[INFO] 
[INFO] <<< spring-boot:3.4.1:run (default-cli) < test-compile @ attendance-backend <<<
[INFO] 
[INFO] 
[INFO] --- spring-boot:3.4.1:run (default-cli) @ attendance-backend ---
[INFO] Attaching agents: []

  .   ____          _            __ _ _
 /\\ / ___'_ __ _ _(_)_ __  __ _ \ \ \ \
( ( )\___ | '_ | '_| | '_ \/ _` | \ \ \ \
 \\/  ___)| |_)| | | | | || (_| |  ) ) ) )
  '  |____| .__|_| |_|_| |_\__, | / / / /
 =========|_|==============|___/=/_/_/_/

 :: Spring Boot ::                (v3.4.1)

2026-05-02T19:14:14.971-03:00  INFO 16604 --- [attendance-backend] [           main] c.s.attendance.AttendanceApplication     : Starting AttendanceApplication using Java 25.0.3 with PID 16604 (F:\Mochila\Antigravity\attendance-system\backend\target\classes started by gusta in F:\Mochila\Antigravity\attendance-system\backend)
2026-05-02T19:14:14.974-03:00  INFO 16604 --- [attendance-backend] [           main] c.s.attendance.AttendanceApplication     : No active profile set, falling back to 1 default profile: "default"
2026-05-02T19:14:15.519-03:00  INFO 16604 --- [attendance-backend] [           main] .s.d.r.c.RepositoryConfigurationDelegate : Bootstrapping Spring Data JPA repositories in DEFAULT mode.
2026-05-02T19:14:15.593-03:00  INFO 16604 --- [attendance-backend] [           main] .s.d.r.c.RepositoryConfigurationDelegate : Finished Spring Data repository scanning in 67 ms. Found 8 JPA repository interfaces.
WARNING: A restricted method in java.lang.System has been called
WARNING: java.lang.System::load has been called by org.apache.tomcat.jni.Library in an unnamed module (file:/C:/Users/gusta/.m2/repository/org/apache/tomcat/embed/tomcat-embed-core/10.1.34/tomcat-embed-core-10.1.34.jar)
WARNING: Use --enable-native-access=ALL-UNNAMED to avoid a warning for callers in this module
WARNING: Restricted methods will be blocked in a future release unless native access is enabled

2026-05-02T19:14:16.051-03:00  INFO 16604 --- [attendance-backend] [           main] o.s.b.w.embedded.tomcat.TomcatWebServer  : Tomcat initialized with port 8087 (http)
2026-05-02T19:14:16.064-03:00  INFO 16604 --- [attendance-backend] [           main] o.apache.catalina.core.StandardService   : Starting service [Tomcat]
2026-05-02T19:14:16.064-03:00  INFO 16604 --- [attendance-backend] [           main] o.apache.catalina.core.StandardEngine    : Starting Servlet engine: [Apache Tomcat/10.1.34]
2026-05-02T19:14:16.126-03:00  INFO 16604 --- [attendance-backend] [           main] o.a.c.c.C.[Tomcat].[localhost].[/]       : Initializing Spring embedded WebApplicationContext
2026-05-02T19:14:16.127-03:00  INFO 16604 --- [attendance-backend] [           main] w.s.c.ServletWebServerApplicationContext : Root WebApplicationContext: initialization completed in 1115 ms
2026-05-02T19:14:16.243-03:00  INFO 16604 --- [attendance-backend] [           main] o.hibernate.jpa.internal.util.LogHelper  : HHH000204: Processing PersistenceUnitInfo [name: default]
2026-05-02T19:14:16.288-03:00  INFO 16604 --- [attendance-backend] [           main] org.hibernate.Version                    : HHH000412: Hibernate ORM core version 6.6.4.Final
2026-05-02T19:14:16.317-03:00  INFO 16604 --- [attendance-backend] [           main] o.h.c.internal.RegionFactoryInitiator    : HHH000026: Second-level cache disabled
2026-05-02T19:14:16.541-03:00  INFO 16604 --- [attendance-backend] [           main] o.s.o.j.p.SpringPersistenceUnitInfo      : No LoadTimeWeaver setup: ignoring JPA class transformer
2026-05-02T19:14:16.563-03:00  INFO 16604 --- [attendance-backend] [           main] com.zaxxer.hikari.HikariDataSource       : HikariPool-1 - Starting...
2026-05-02T19:14:16.714-03:00  INFO 16604 --- [attendance-backend] [           main] com.zaxxer.hikari.pool.HikariPool        : HikariPool-1 - Added connection conn0: url=jdbc:h2:mem:attendance_db user=SA
2026-05-02T19:14:16.715-03:00  INFO 16604 --- [attendance-backend] [           main] com.zaxxer.hikari.HikariDataSource       : HikariPool-1 - Start completed.
2026-05-02T19:14:16.733-03:00  WARN 16604 --- [attendance-backend] [           main] org.hibernate.orm.deprecation            : HHH90000025: H2Dialect does not need to be specified explicitly using 'hibernate.dialect' (remove the property setting and it will be selected by default)
2026-05-02T19:14:16.750-03:00  INFO 16604 --- [attendance-backend] [           main] org.hibernate.orm.connections.pooling    : HHH10001005: Database info:
	Database JDBC URL [Connecting through datasource 'HikariDataSource (HikariPool-1)']
	Database driver: undefined/unknown
	Database version: 2.3.232
	Autocommit mode: undefined/unknown
	Isolation level: undefined/unknown
	Minimum pool size: undefined/unknown
	Maximum pool size: undefined/unknown
2026-05-02T19:14:17.646-03:00  INFO 16604 --- [attendance-backend] [           main] o.h.e.t.j.p.i.JtaPlatformInitiator       : HHH000489: No JTA platform available (set 'hibernate.transaction.jta.platform' to enable JTA platform integration)
2026-05-02T19:14:17.718-03:00  INFO 16604 --- [attendance-backend] [           main] j.LocalContainerEntityManagerFactoryBean : Initialized JPA EntityManagerFactory for persistence unit 'default'
2026-05-02T19:14:18.010-03:00  INFO 16604 --- [attendance-backend] [           main] o.s.d.j.r.query.QueryEnhancerFactory     : Hibernate is in classpath; If applicable, HQL parser will be used.
2026-05-02T19:14:18.721-03:00  INFO 16604 --- [attendance-backend] [           main] eAuthenticationProviderManagerConfigurer : Global AuthenticationManager configured with AuthenticationProvider bean with name authenticationProvider
2026-05-02T19:14:18.721-03:00  WARN 16604 --- [attendance-backend] [           main] r$InitializeUserDetailsManagerConfigurer : Global AuthenticationManager configured with an AuthenticationProvider bean. UserDetailsService beans will not be used by Spring Security for automatically configuring username/password login. Consider removing the AuthenticationProvider bean. Alternatively, consider using the UserDetailsService in a manually instantiated DaoAuthenticationProvider. If the current configuration is intentional, to turn off this warning, increase the logging level of 'org.springframework.security.config.annotation.authentication.configuration.InitializeUserDetailsBeanManagerConfigurer' to ERROR
2026-05-02T19:14:18.746-03:00  WARN 16604 --- [attendance-backend] [           main] JpaBaseConfiguration$JpaWebConfiguration : spring.jpa.open-in-view is enabled by default. Therefore, database queries may be performed during view rendering. Explicitly configure spring.jpa.open-in-view to disable this warning
2026-05-02T19:14:19.065-03:00  INFO 16604 --- [attendance-backend] [           main] o.s.b.a.h2.H2ConsoleAutoConfiguration    : H2 console available at '/h2-console'. Database available at 'jdbc:h2:mem:attendance_db'
2026-05-02T19:14:19.122-03:00  INFO 16604 --- [attendance-backend] [           main] o.s.b.w.embedded.tomcat.TomcatWebServer  : Tomcat started on port 8087 (http) with context path '/'
2026-05-02T19:14:19.129-03:00  INFO 16604 --- [attendance-backend] [           main] c.s.attendance.AttendanceApplication     : Started AttendanceApplication in 4.492 seconds (process running for 4.848)
Starting data generation...
2026-05-02T19:14:20.683-03:00  INFO 16604 --- [attendance-backend] [           main] c.s.a.service.ExcelImportService         : Processing sheet: 1ro A
2026-05-02T19:14:20.889-03:00  INFO 16604 --- [attendance-backend] [           main] c.s.a.service.ExcelImportService         : Processing sheet: 1ro B
2026-05-02T19:14:20.891-03:00  INFO 16604 --- [attendance-backend] [           main] c.s.a.service.ExcelImportService         : Processing sheet: 2do A
2026-05-02T19:14:20.993-03:00  INFO 16604 --- [attendance-backend] [           main] c.s.a.service.ExcelImportService         : Processing sheet: 2do B
2026-05-02T19:14:21.052-03:00  INFO 16604 --- [attendance-backend] [           main] c.s.a.service.ExcelImportService         : Processing sheet: 4to U
2026-05-02T19:14:21.090-03:00  INFO 16604 --- [attendance-backend] [           main] c.s.a.service.ExcelImportService         : Successfully imported 82 students from Excel.
Data setup complete. Users: 16
